app/build/outputs/logs/manifest-merger-debug-report.txt
-- Merging decision tree log ---
manifest
ADDED from src\main\AndroidManifest.xml:2:1-376:12
	package
		ADDED from src\main\AndroidManifest.xml:2:11-48
		INJECTED from src\main\AndroidManifest.xml
		INJECTED from src\main\AndroidManifest.xml
	android:versionName
		ADDED from src\main\AndroidManifest.xml:6:11-41
		INJECTED from src\main\AndroidManifest.xml
		INJECTED from src\main\AndroidManifest.xml
	android:versionCode
		ADDED from src\main\AndroidManifest.xml:5:11-35
		INJECTED from src\main\AndroidManifest.xml
		INJECTED from src\main\AndroidManifest.xml
	xmlns:android
		ADDED from src\main\AndroidManifest.xml:3:11-69
	android:installLocation
		ADDED from src\main\AndroidManifest.xml:4:11-41
uses-permission#android.permission.MOUNT_UNMOUNT_FILESYSTEMS
ADDED from src\main\AndroidManifest.xml:9:5-83
	android:name
		ADDED from src\main\AndroidManifest.xml:9:22-81
uses-permission#android.permission.WRITE_EXTERNAL_STORAGE
ADDED from src\main\AndroidManifest.xml:10:5-80
	android:name
		ADDED from src\main\AndroidManifest.xml:10:22-78
uses-permission#android.permission.INTERNET
ADDED from src\main\AndroidManifest.xml:11:5-66
	android:name
		ADDED from src\main\AndroidManifest.xml:11:22-64
uses-permission#android.permission.ACCESS_NETWORK_STATE
ADDED from src\main\AndroidManifest.xml:12:5-78
	android:name
		ADDED from src\main\AndroidManifest.xml:12:22-76
uses-permission#android.permission.MODIFY_AUDIO_SETTINGS
ADDED from src\main\AndroidManifest.xml:13:5-79
	android:name
		ADDED from src\main\AndroidManifest.xml:13:22-77
application
ADDED from src\main\AndroidManifest.xml:15:5-374:19
MERGED from [com.android.support:appcompat-v7:25.3.1] AndroidManifest.xml:29:5-20
MERGED from [com.android.support:animated-vector-drawable:25.3.1] AndroidManifest.xml:26:5-20
MERGED from [com.android.support:support-vector-drawable:25.3.1] AndroidManifest.xml:26:5-20
MERGED from [com.android.support:gridlayout-v7:25.3.1] AndroidManifest.xml:26:5-20
MERGED from [com.android.volley:volley:1.0.0] AndroidManifest.xml:9:5-20
MERGED from [com.android.support:support-v4:25.3.1] AndroidManifest.xml:29:5-20
MERGED from [com.android.support:support-fragment:25.3.1] AndroidManifest.xml:29:5-20
MERGED from [com.android.support:support-media-compat:25.3.1] AndroidManifest.xml:29:5-20
MERGED from [com.android.support:support-core-ui:25.3.1] AndroidManifest.xml:29:5-20
MERGED from [com.android.support:support-core-utils:25.3.1] AndroidManifest.xml:29:5-20
MERGED from [com.android.support:support-compat:25.3.1] AndroidManifest.xml:29:5-20
MERGED from [com.android.support.constraint:constraint-layout:1.0.2] AndroidManifest.xml:9:5-20
	android:label
		ADDED from src\main\AndroidManifest.xml:19:9-41
	android:allowBackup
		ADDED from src\main\AndroidManifest.xml:17:9-35
	android:icon
		ADDED from src\main\AndroidManifest.xml:18:9-41
	android:largeHeap
		ADDED from src\main\AndroidManifest.xml:20:9-33
	android:theme
		ADDED from src\main\AndroidManifest.xml:22:9-73
	android:logo
		ADDED from src\main\AndroidManifest.xml:21:9-41
	android:name
		ADDED from src\main\AndroidManifest.xml:16:9-43
activity#com.motoli.apps.allsubjects.Motoli_Front
ADDED from src\main\AndroidManifest.xml:23:9-34:20
	android:screenOrientation
		ADDED from src\main\AndroidManifest.xml:27:13-56
	android:label
		ADDED from src\main\AndroidManifest.xml:26:13-45
	android:configChanges
		ADDED from src\main\AndroidManifest.xml:25:13-74
	android:theme
		ADDED from src\main\AndroidManifest.xml:28:13-77
	android:name
		ADDED from src\main\AndroidManifest.xml:24:13-41
intent-filter#android.intent.action.MAIN+android.intent.category.LAUNCHER
ADDED from src\main\AndroidManifest.xml:29:13-33:29
action#android.intent.action.MAIN
ADDED from src\main\AndroidManifest.xml:30:17-68
	android:name
		ADDED from src\main\AndroidManifest.xml:30:25-66
category#android.intent.category.LAUNCHER
ADDED from src\main\AndroidManifest.xml:32:17-76
	android:name
		ADDED from src\main\AndroidManifest.xml:32:27-74
provider#com.motoli.apps.allsubjects.AppProvider
ADDED from src\main\AndroidManifest.xml:36:9-41:45
	android:readPermission
		ADDED from src\main\AndroidManifest.xml:40:13-42
	android:authorities
		ADDED from src\main\AndroidManifest.xml:38:13-74
	android:exported
		ADDED from src\main\AndroidManifest.xml:39:13-37
	android:name
		ADDED from src\main\AndroidManifest.xml:37:13-40
	android:writePermission
		ADDED from src\main\AndroidManifest.xml:41:13-43
activity#com.motoli.apps.allsubjects.UserSelect
ADDED from src\main\AndroidManifest.xml:43:9-47:79
	android:screenOrientation
		ADDED from src\main\AndroidManifest.xml:46:13-56
	android:configChanges
		ADDED from src\main\AndroidManifest.xml:45:13-74
	android:theme
		ADDED from src\main\AndroidManifest.xml:47:13-77
	android:name
		ADDED from src\main\AndroidManifest.xml:44:13-39
activity#com.motoli.apps.allsubjects.Launch_Platform
ADDED from src\main\AndroidManifest.xml:48:9-52:79
	android:screenOrientation
		ADDED from src\main\AndroidManifest.xml:51:13-56
	android:configChanges
		ADDED from src\main\AndroidManifest.xml:50:13-74
	android:theme
		ADDED from src\main\AndroidManifest.xml:52:13-77
	android:name
		ADDED from src\main\AndroidManifest.xml:49:13-44
activity#com.motoli.apps.allsubjects.Activities_Platform
ADDED from src\main\AndroidManifest.xml:53:9-57:79
	android:screenOrientation
		ADDED from src\main\AndroidManifest.xml:56:13-56
	android:configChanges
		ADDED from src\main\AndroidManifest.xml:55:13-74
	android:theme
		ADDED from src\main\AndroidManifest.xml:57:13-77
	android:name
		ADDED from src\main\AndroidManifest.xml:54:13-48
activity#com.motoli.apps.allsubjects.ActivityLT05
ADDED from src\main\AndroidManifest.xml:58:9-63:79
	android:screenOrientation
		ADDED from src\main\AndroidManifest.xml:62:13-56
	android:configChanges
		ADDED from src\main\AndroidManifest.xml:60:13-74
	android:theme
		ADDED from src\main\AndroidManifest.xml:63:13-77
	android:logo
		ADDED from src\main\AndroidManifest.xml:61:13-50
	android:name
		ADDED from src\main\AndroidManifest.xml:59:13-41
activity#com.motoli.apps.allsubjects.ActivityLT01
ADDED from src\main\AndroidManifest.xml:64:9-69:79
	android:screenOrientation
		ADDED from src\main\AndroidManifest.xml:68:13-56
	android:configChanges
		ADDED from src\main\AndroidManifest.xml:66:13-74
	android:theme
		ADDED from src\main\AndroidManifest.xml:69:13-77
	android:logo
		ADDED from src\main\AndroidManifest.xml:67:13-50
	android:name
		ADDED from src\main\AndroidManifest.xml:65:13-41
activity#com.motoli.apps.allsubjects.ActivityLT03
ADDED from src\main\AndroidManifest.xml:70:9-75:79
	android:screenOrientation
		ADDED from src\main\AndroidManifest.xml:74:13-56
	android:configChanges
		ADDED from src\main\AndroidManifest.xml:72:13-74
	android:theme
		ADDED from src\main\AndroidManifest.xml:75:13-77
	android:logo
		ADDED from src\main\AndroidManifest.xml:73:13-50
	android:name
		ADDED from src\main\AndroidManifest.xml:71:13-41
activity#com.motoli.apps.allsubjects.ActivityLT02
ADDED from src\main\AndroidManifest.xml:76:9-81:79
	android:screenOrientation
		ADDED from src\main\AndroidManifest.xml:80:13-56
	android:configChanges
		ADDED from src\main\AndroidManifest.xml:78:13-74
	android:theme
		ADDED from src\main\AndroidManifest.xml:81:13-77
	android:logo
		ADDED from src\main\AndroidManifest.xml:79:13-50
	android:name
		ADDED from src\main\AndroidManifest.xml:77:13-41
activity#com.motoli.apps.allsubjects.ActivityLT06
ADDED from src\main\AndroidManifest.xml:82:9-87:79
	android:screenOrientation
		ADDED from src\main\AndroidManifest.xml:86:13-56
	android:configChanges
		ADDED from src\main\AndroidManifest.xml:84:13-74
	android:theme
		ADDED from src\main\AndroidManifest.xml:87:13-77
	android:logo
		ADDED from src\main\AndroidManifest.xml:85:13-50
	android:name
		ADDED from src\main\AndroidManifest.xml:83:13-41
activity#com.motoli.apps.allsubjects.ActivityVL
ADDED from src\main\AndroidManifest.xml:88:9-93:79
	android:screenOrientation
		ADDED from src\main\AndroidManifest.xml:92:13-56
	android:configChanges
		ADDED from src\main\AndroidManifest.xml:90:13-74
	android:theme
		ADDED from src\main\AndroidManifest.xml:93:13-77
	android:logo
		ADDED from src\main\AndroidManifest.xml:91:13-50
	android:name
		ADDED from src\main\AndroidManifest.xml:89:13-39
activity#com.motoli.apps.allsubjects.ActivityLT04
ADDED from src\main\AndroidManifest.xml:94:9-99:79
	android:screenOrientation
		ADDED from src\main\AndroidManifest.xml:98:13-56
	android:configChanges
		ADDED from src\main\AndroidManifest.xml:96:13-74
	android:theme
		ADDED from src\main\AndroidManifest.xml:99:13-77
	android:logo
		ADDED from src\main\AndroidManifest.xml:97:13-50
	android:name
		ADDED from src\main\AndroidManifest.xml:95:13-41
activity#com.motoli.apps.allsubjects.ActivitySD01
ADDED from src\main\AndroidManifest.xml:100:9-105:79
	android:screenOrientation
		ADDED from src\main\AndroidManifest.xml:104:13-56
	android:configChanges
		ADDED from src\main\AndroidManifest.xml:102:13-74
	android:theme
		ADDED from src\main\AndroidManifest.xml:105:13-77
	android:logo
		ADDED from src\main\AndroidManifest.xml:103:13-50
	android:name
		ADDED from src\main\AndroidManifest.xml:101:13-41
activity#com.motoli.apps.allsubjects.ActivitySD02
ADDED from src\main\AndroidManifest.xml:106:9-111:79
	android:screenOrientation
		ADDED from src\main\AndroidManifest.xml:110:13-56
	android:configChanges
		ADDED from src\main\AndroidManifest.xml:108:13-74
	android:theme
		ADDED from src\main\AndroidManifest.xml:111:13-77
	android:logo
		ADDED from src\main\AndroidManifest.xml:109:13-50
	android:name
		ADDED from src\main\AndroidManifest.xml:107:13-41
activity#com.motoli.apps.allsubjects.ActivitySD03
ADDED from src\main\AndroidManifest.xml:112:9-117:79
	android:screenOrientation
		ADDED from src\main\AndroidManifest.xml:116:13-56
	android:configChanges
		ADDED from src\main\AndroidManifest.xml:114:13-74
	android:theme
		ADDED from src\main\AndroidManifest.xml:117:13-77
	android:logo
		ADDED from src\main\AndroidManifest.xml:115:13-50
	android:name
		ADDED from src\main\AndroidManifest.xml:113:13-41
activity#com.motoli.apps.allsubjects.ActivitySD06
ADDED from src\main\AndroidManifest.xml:118:9-123:79
	android:screenOrientation
		ADDED from src\main\AndroidManifest.xml:122:13-56
	android:configChanges
		ADDED from src\main\AndroidManifest.xml:120:13-74
	android:theme
		ADDED from src\main\AndroidManifest.xml:123:13-77
	android:logo
		ADDED from src\main\AndroidManifest.xml:121:13-50
	android:name
		ADDED from src\main\AndroidManifest.xml:119:13-41
activity#com.motoli.apps.allsubjects.ActivitySD07
ADDED from src\main\AndroidManifest.xml:124:9-129:79
	android:screenOrientation
		ADDED from src\main\AndroidManifest.xml:128:13-56
	android:configChanges
		ADDED from src\main\AndroidManifest.xml:126:13-74
	android:theme
		ADDED from src\main\AndroidManifest.xml:129:13-77
	android:logo
		ADDED from src\main\AndroidManifest.xml:127:13-50
	android:name
		ADDED from src\main\AndroidManifest.xml:125:13-41
activity#com.motoli.apps.allsubjects.ActivitySD04
ADDED from src\main\AndroidManifest.xml:130:9-135:79
	android:screenOrientation
		ADDED from src\main\AndroidManifest.xml:134:13-56
	android:configChanges
		ADDED from src\main\AndroidManifest.xml:132:13-74
	android:theme
		ADDED from src\main\AndroidManifest.xml:135:13-77
	android:logo
		ADDED from src\main\AndroidManifest.xml:133:13-50
	android:name
		ADDED from src\main\AndroidManifest.xml:131:13-41
activity#com.motoli.apps.allsubjects.ActivityCS01
ADDED from src\main\AndroidManifest.xml:136:9-141:79
	android:screenOrientation
		ADDED from src\main\AndroidManifest.xml:140:13-56
	android:configChanges
		ADDED from src\main\AndroidManifest.xml:138:13-74
	android:theme
		ADDED from src\main\AndroidManifest.xml:141:13-77
	android:logo
		ADDED from src\main\AndroidManifest.xml:139:13-50
	android:name
		ADDED from src\main\AndroidManifest.xml:137:13-41
activity#com.motoli.apps.allsubjects.ActivityCS02
ADDED from src\main\AndroidManifest.xml:142:9-147:79
	android:screenOrientation
		ADDED from src\main\AndroidManifest.xml:146:13-56
	android:configChanges
		ADDED from src\main\AndroidManifest.xml:144:13-74
	android:theme
		ADDED from src\main\AndroidManifest.xml:147:13-77
	android:logo
		ADDED from src\main\AndroidManifest.xml:145:13-50
	android:name
		ADDED from src\main\AndroidManifest.xml:143:13-41
activity#com.motoli.apps.allsubjects.ActivityRS01
ADDED from src\main\AndroidManifest.xml:149:9-154:79
	android:screenOrientation
		ADDED from src\main\AndroidManifest.xml:153:13-56
	android:configChanges
		ADDED from src\main\AndroidManifest.xml:151:13-74
	android:theme
		ADDED from src\main\AndroidManifest.xml:154:13-77
	android:logo
		ADDED from src\main\AndroidManifest.xml:152:13-50
	android:name
		ADDED from src\main\AndroidManifest.xml:150:13-41
activity#com.motoli.apps.allsubjects.ActivityRS02
ADDED from src\main\AndroidManifest.xml:155:9-160:79
	android:screenOrientation
		ADDED from src\main\AndroidManifest.xml:159:13-56
	android:configChanges
		ADDED from src\main\AndroidManifest.xml:157:13-74
	android:theme
		ADDED from src\main\AndroidManifest.xml:160:13-77
	android:logo
		ADDED from src\main\AndroidManifest.xml:158:13-50
	android:name
		ADDED from src\main\AndroidManifest.xml:156:13-41
activity#com.motoli.apps.allsubjects.ActivityRS03
ADDED from src\main\AndroidManifest.xml:161:9-166:79
	android:screenOrientation
		ADDED from src\main\AndroidManifest.xml:165:13-56
	android:configChanges
		ADDED from src\main\AndroidManifest.xml:163:13-74
	android:theme
		ADDED from src\main\AndroidManifest.xml:166:13-77
	android:logo
		ADDED from src\main\AndroidManifest.xml:164:13-50
	android:name
		ADDED from src\main\AndroidManifest.xml:162:13-41
activity#com.motoli.apps.allsubjects.ActivityRS04
ADDED from src\main\AndroidManifest.xml:167:9-172:79
	android:screenOrientation
		ADDED from src\main\AndroidManifest.xml:171:13-56
	android:configChanges
		ADDED from src\main\AndroidManifest.xml:169:13-74
	android:theme
		ADDED from src\main\AndroidManifest.xml:172:13-77
	android:logo
		ADDED from src\main\AndroidManifest.xml:170:13-50
	android:name
		ADDED from src\main\AndroidManifest.xml:168:13-41
activity#com.motoli.apps.allsubjects.ActivityBK02BookList
ADDED from src\main\AndroidManifest.xml:173:9-178:79
	android:screenOrientation
		ADDED from src\main\AndroidManifest.xml:177:13-56
	android:configChanges
		ADDED from src\main\AndroidManifest.xml:175:13-74
	android:theme
		ADDED from src\main\AndroidManifest.xml:178:13-77
	android:logo
		ADDED from src\main\AndroidManifest.xml:176:13-55
	android:name
		ADDED from src\main\AndroidManifest.xml:174:13-49
activity#com.motoli.apps.allsubjects.ActivityBK02Book
ADDED from src\main\AndroidManifest.xml:179:9-184:79
	android:screenOrientation
		ADDED from src\main\AndroidManifest.xml:183:13-56
	android:configChanges
		ADDED from src\main\AndroidManifest.xml:181:13-74
	android:theme
		ADDED from src\main\AndroidManifest.xml:184:13-77
	android:logo
		ADDED from src\main\AndroidManifest.xml:182:13-55
	android:name
		ADDED from src\main\AndroidManifest.xml:180:13-45
activity#com.motoli.apps.allsubjects.ActivityBK03Books
ADDED from src\main\AndroidManifest.xml:185:9-190:79
	android:screenOrientation
		ADDED from src\main\AndroidManifest.xml:189:13-56
	android:configChanges
		ADDED from src\main\AndroidManifest.xml:187:13-74
	android:theme
		ADDED from src\main\AndroidManifest.xml:190:13-77
	android:logo
		ADDED from src\main\AndroidManifest.xml:188:13-53
	android:name
		ADDED from src\main\AndroidManifest.xml:186:13-46
activity#com.motoli.apps.allsubjects.ActivityWD01
ADDED from src\main\AndroidManifest.xml:191:9-196:79
	android:screenOrientation
		ADDED from src\main\AndroidManifest.xml:195:13-56
	android:configChanges
		ADDED from src\main\AndroidManifest.xml:193:13-74
	android:theme
		ADDED from src\main\AndroidManifest.xml:196:13-77
	android:logo
		ADDED from src\main\AndroidManifest.xml:194:13-50
	android:name
		ADDED from src\main\AndroidManifest.xml:192:13-41
activity#com.motoli.apps.allsubjects.ActivityWD02
ADDED from src\main\AndroidManifest.xml:197:9-202:79
	android:screenOrientation
		ADDED from src\main\AndroidManifest.xml:201:13-56
	android:configChanges
		ADDED from src\main\AndroidManifest.xml:199:13-74
	android:theme
		ADDED from src\main\AndroidManifest.xml:202:13-77
	android:logo
		ADDED from src\main\AndroidManifest.xml:200:13-50
	android:name
		ADDED from src\main\AndroidManifest.xml:198:13-41
activity#com.motoli.apps.allsubjects.ActivityWD03
ADDED from src\main\AndroidManifest.xml:203:9-208:79
	android:screenOrientation
		ADDED from src\main\AndroidManifest.xml:207:13-56
	android:configChanges
		ADDED from src\main\AndroidManifest.xml:205:13-74
	android:theme
		ADDED from src\main\AndroidManifest.xml:208:13-77
	android:logo
		ADDED from src\main\AndroidManifest.xml:206:13-50
	android:name
		ADDED from src\main\AndroidManifest.xml:204:13-41
activity#com.motoli.apps.allsubjects.ActivityWD04
ADDED from src\main\AndroidManifest.xml:209:9-214:79
	android:screenOrientation
		ADDED from src\main\AndroidManifest.xml:213:13-56
	android:configChanges
		ADDED from src\main\AndroidManifest.xml:211:13-74
	android:theme
		ADDED from src\main\AndroidManifest.xml:214:13-77
	android:logo
		ADDED from src\main\AndroidManifest.xml:212:13-50
	android:name
		ADDED from src\main\AndroidManifest.xml:210:13-41
activity#com.motoli.apps.allsubjects.ActivityWD05
ADDED from src\main\AndroidManifest.xml:215:9-220:79
	android:screenOrientation
		ADDED from src\main\AndroidManifest.xml:219:13-56
	android:configChanges
		ADDED from src\main\AndroidManifest.xml:217:13-74
	android:theme
		ADDED from src\main\AndroidManifest.xml:220:13-77
	android:logo
		ADDED from src\main\AndroidManifest.xml:218:13-50
	android:name
		ADDED from src\main\AndroidManifest.xml:216:13-41
activity#com.motoli.apps.allsubjects.ActivityWD06
ADDED from src\main\AndroidManifest.xml:221:9-226:79
	android:screenOrientation
		ADDED from src\main\AndroidManifest.xml:225:13-56
	android:configChanges
		ADDED from src\main\AndroidManifest.xml:223:13-74
	android:theme
		ADDED from src\main\AndroidManifest.xml:226:13-77
	android:logo
		ADDED from src\main\AndroidManifest.xml:224:13-50
	android:name
		ADDED from src\main\AndroidManifest.xml:222:13-41
activity#com.motoli.apps.allsubjects.ActivityOP01
ADDED from src\main\AndroidManifest.xml:227:9-233:79
	android:screenOrientation
		ADDED from src\main\AndroidManifest.xml:231:13-56
	android:windowSoftInputMode
		ADDED from src\main\AndroidManifest.xml:232:13-67
	android:configChanges
		ADDED from src\main\AndroidManifest.xml:229:13-74
	android:theme
		ADDED from src\main\AndroidManifest.xml:233:13-77
	android:logo
		ADDED from src\main\AndroidManifest.xml:230:13-50
	android:name
		ADDED from src\main\AndroidManifest.xml:228:13-41
activity#com.motoli.apps.allsubjects.ActivityOP02
ADDED from src\main\AndroidManifest.xml:234:9-239:79
	android:screenOrientation
		ADDED from src\main\AndroidManifest.xml:238:13-56
	android:configChanges
		ADDED from src\main\AndroidManifest.xml:236:13-74
	android:theme
		ADDED from src\main\AndroidManifest.xml:239:13-77
	android:logo
		ADDED from src\main\AndroidManifest.xml:237:13-50
	android:name
		ADDED from src\main\AndroidManifest.xml:235:13-41
activity#com.motoli.apps.allsubjects.ActivityOP03
ADDED from src\main\AndroidManifest.xml:240:9-245:79
	android:screenOrientation
		ADDED from src\main\AndroidManifest.xml:244:13-56
	android:configChanges
		ADDED from src\main\AndroidManifest.xml:242:13-74
	android:theme
		ADDED from src\main\AndroidManifest.xml:245:13-77
	android:logo
		ADDED from src\main\AndroidManifest.xml:243:13-50
	android:name
		ADDED from src\main\AndroidManifest.xml:241:13-41
activity#com.motoli.apps.allsubjects.ActivityOP04
ADDED from src\main\AndroidManifest.xml:246:9-251:79
	android:screenOrientation
		ADDED from src\main\AndroidManifest.xml:250:13-56
	android:configChanges
		ADDED from src\main\AndroidManifest.xml:248:13-74
	android:theme
		ADDED from src\main\AndroidManifest.xml:251:13-77
	android:logo
		ADDED from src\main\AndroidManifest.xml:249:13-50
	android:name
		ADDED from src\main\AndroidManifest.xml:247:13-41
activity#com.motoli.apps.allsubjects.ActivityOP05
ADDED from src\main\AndroidManifest.xml:252:9-257:79
	android:screenOrientation
		ADDED from src\main\AndroidManifest.xml:256:13-56
	android:configChanges
		ADDED from src\main\AndroidManifest.xml:254:13-74
	android:theme
		ADDED from src\main\AndroidManifest.xml:257:13-77
	android:logo
		ADDED from src\main\AndroidManifest.xml:255:13-50
	android:name
		ADDED from src\main\AndroidManifest.xml:253:13-41
activity#com.motoli.apps.allsubjects.ActivityOP06
ADDED from src\main\AndroidManifest.xml:258:9-263:79
	android:screenOrientation
		ADDED from src\main\AndroidManifest.xml:262:13-56
	android:configChanges
		ADDED from src\main\AndroidManifest.xml:260:13-74
	android:theme
		ADDED from src\main\AndroidManifest.xml:263:13-77
	android:logo
		ADDED from src\main\AndroidManifest.xml:261:13-50
	android:name
		ADDED from src\main\AndroidManifest.xml:259:13-41
activity#com.motoli.apps.allsubjects.ActivityOP07
ADDED from src\main\AndroidManifest.xml:264:9-269:79
	android:screenOrientation
		ADDED from src\main\AndroidManifest.xml:268:13-56
	android:configChanges
		ADDED from src\main\AndroidManifest.xml:266:13-74
	android:theme
		ADDED from src\main\AndroidManifest.xml:269:13-77
	android:logo
		ADDED from src\main\AndroidManifest.xml:267:13-50
	android:name
		ADDED from src\main\AndroidManifest.xml:265:13-41
activity#com.motoli.apps.allsubjects.ActivityOP08
ADDED from src\main\AndroidManifest.xml:270:9-275:79
	android:screenOrientation
		ADDED from src\main\AndroidManifest.xml:274:13-56
	android:configChanges
		ADDED from src\main\AndroidManifest.xml:272:13-74
	android:theme
		ADDED from src\main\AndroidManifest.xml:275:13-77
	android:logo
		ADDED from src\main\AndroidManifest.xml:273:13-50
	android:name
		ADDED from src\main\AndroidManifest.xml:271:13-41
activity#com.motoli.apps.allsubjects.ActivityQN01
ADDED from src\main\AndroidManifest.xml:276:9-281:79
	android:screenOrientation
		ADDED from src\main\AndroidManifest.xml:280:13-56
	android:configChanges
		ADDED from src\main\AndroidManifest.xml:278:13-74
	android:theme
		ADDED from src\main\AndroidManifest.xml:281:13-77
	android:logo
		ADDED from src\main\AndroidManifest.xml:279:13-50
	android:name
		ADDED from src\main\AndroidManifest.xml:277:13-41
activity#com.motoli.apps.allsubjects.ActivityQN02
ADDED from src\main\AndroidManifest.xml:282:9-287:79
	android:screenOrientation
		ADDED from src\main\AndroidManifest.xml:286:13-56
	android:configChanges
		ADDED from src\main\AndroidManifest.xml:284:13-74
	android:theme
		ADDED from src\main\AndroidManifest.xml:287:13-77
	android:logo
		ADDED from src\main\AndroidManifest.xml:285:13-50
	android:name
		ADDED from src\main\AndroidManifest.xml:283:13-41
activity#com.motoli.apps.allsubjects.ActivityQN03
ADDED from src\main\AndroidManifest.xml:288:9-293:79
	android:screenOrientation
		ADDED from src\main\AndroidManifest.xml:292:13-56
	android:configChanges
		ADDED from src\main\AndroidManifest.xml:290:13-74
	android:theme
		ADDED from src\main\AndroidManifest.xml:293:13-77
	android:logo
		ADDED from src\main\AndroidManifest.xml:291:13-50
	android:name
		ADDED from src\main\AndroidManifest.xml:289:13-41
activity#com.motoli.apps.allsubjects.ActivityQN04
ADDED from src\main\AndroidManifest.xml:294:9-299:79
	android:screenOrientation
		ADDED from src\main\AndroidManifest.xml:298:13-56
	android:configChanges
		ADDED from src\main\AndroidManifest.xml:296:13-74
	android:theme
		ADDED from src\main\AndroidManifest.xml:299:13-77
	android:logo
		ADDED from src\main\AndroidManifest.xml:297:13-50
	android:name
		ADDED from src\main\AndroidManifest.xml:295:13-41
activity#com.motoli.apps.allsubjects.ActivityQN05
ADDED from src\main\AndroidManifest.xml:300:9-305:79
	android:screenOrientation
		ADDED from src\main\AndroidManifest.xml:304:13-56
	android:configChanges
		ADDED from src\main\AndroidManifest.xml:302:13-74
	android:theme
		ADDED from src\main\AndroidManifest.xml:305:13-77
	android:logo
		ADDED from src\main\AndroidManifest.xml:303:13-50
	android:name
		ADDED from src\main\AndroidManifest.xml:301:13-41
activity#com.motoli.apps.allsubjects.ActivityQN06
ADDED from src\main\AndroidManifest.xml:306:9-311:79
	android:screenOrientation
		ADDED from src\main\AndroidManifest.xml:310:13-56
	android:configChanges
		ADDED from src\main\AndroidManifest.xml:308:13-74
	android:theme
		ADDED from src\main\AndroidManifest.xml:311:13-77
	android:logo
		ADDED from src\main\AndroidManifest.xml:309:13-50
	android:name
		ADDED from src\main\AndroidManifest.xml:307:13-41
activity#com.motoli.apps.allsubjects.ActivityQN07
ADDED from src\main\AndroidManifest.xml:312:9-317:79
	android:screenOrientation
		ADDED from src\main\AndroidManifest.xml:316:13-56
	android:configChanges
		ADDED from src\main\AndroidManifest.xml:314:13-74
	android:theme
		ADDED from src\main\AndroidManifest.xml:317:13-77
	android:logo
		ADDED from src\main\AndroidManifest.xml:315:13-50
	android:name
		ADDED from src\main\AndroidManifest.xml:313:13-41
activity#com.motoli.apps.allsubjects.ActivitySH01
ADDED from src\main\AndroidManifest.xml:318:9-323:79
	android:screenOrientation
		ADDED from src\main\AndroidManifest.xml:322:13-56
	android:configChanges
		ADDED from src\main\AndroidManifest.xml:320:13-74
	android:theme
		ADDED from src\main\AndroidManifest.xml:323:13-77
	android:logo
		ADDED from src\main\AndroidManifest.xml:321:13-50
	android:name
		ADDED from src\main\AndroidManifest.xml:319:13-41
activity#com.motoli.apps.allsubjects.ActivitySH02
ADDED from src\main\AndroidManifest.xml:324:9-329:79
	android:screenOrientation
		ADDED from src\main\AndroidManifest.xml:328:13-56
	android:configChanges
		ADDED from src\main\AndroidManifest.xml:326:13-74
	android:theme
		ADDED from src\main\AndroidManifest.xml:329:13-77
	android:logo
		ADDED from src\main\AndroidManifest.xml:327:13-50
	android:name
		ADDED from src\main\AndroidManifest.xml:325:13-41
activity#com.motoli.apps.allsubjects.ActivitySH03
ADDED from src\main\AndroidManifest.xml:330:9-335:79
	android:screenOrientation
		ADDED from src\main\AndroidManifest.xml:334:13-56
	android:configChanges
		ADDED from src\main\AndroidManifest.xml:332:13-74
	android:theme
		ADDED from src\main\AndroidManifest.xml:335:13-77
	android:logo
		ADDED from src\main\AndroidManifest.xml:333:13-50
	android:name
		ADDED from src\main\AndroidManifest.xml:331:13-41
activity#com.motoli.apps.allsubjects.ActivitySH04
ADDED from src\main\AndroidManifest.xml:336:9-341:79
	android:screenOrientation
		ADDED from src\main\AndroidManifest.xml:340:13-56
	android:configChanges
		ADDED from src\main\AndroidManifest.xml:338:13-74
	android:theme
		ADDED from src\main\AndroidManifest.xml:341:13-77
	android:logo
		ADDED from src\main\AndroidManifest.xml:339:13-50
	android:name
		ADDED from src\main\AndroidManifest.xml:337:13-41
activity#com.motoli.apps.allsubjects.ActivitySH05
ADDED from src\main\AndroidManifest.xml:342:9-347:79
	android:screenOrientation
		ADDED from src\main\AndroidManifest.xml:346:13-56
	android:configChanges
		ADDED from src\main\AndroidManifest.xml:344:13-74
	android:theme
		ADDED from src\main\AndroidManifest.xml:347:13-77
	android:logo
		ADDED from src\main\AndroidManifest.xml:345:13-50
	android:name
		ADDED from src\main\AndroidManifest.xml:343:13-41
activity#com.motoli.apps.allsubjects.ActivitySH06
ADDED from src\main\AndroidManifest.xml:348:9-353:79
	android:screenOrientation
		ADDED from src\main\AndroidManifest.xml:352:13-56
	android:configChanges
		ADDED from src\main\AndroidManifest.xml:350:13-74
	android:theme
		ADDED from src\main\AndroidManifest.xml:353:13-77
	android:logo
		ADDED from src\main\AndroidManifest.xml:351:13-50
	android:name
		ADDED from src\main\AndroidManifest.xml:349:13-41
activity#com.motoli.apps.allsubjects.ActivityTR01
ADDED from src\main\AndroidManifest.xml:354:9-360:79
	android:screenOrientation
		ADDED from src\main\AndroidManifest.xml:359:13-56
	android:launchMode
		ADDED from src\main\AndroidManifest.xml:358:13-43
	android:configChanges
		ADDED from src\main\AndroidManifest.xml:356:13-74
	android:theme
		ADDED from src\main\AndroidManifest.xml:360:13-77
	android:logo
		ADDED from src\main\AndroidManifest.xml:357:13-50
	android:name
		ADDED from src\main\AndroidManifest.xml:355:13-41
activity#com.motoli.apps.allsubjects.ActivityTR02
ADDED from src\main\AndroidManifest.xml:361:9-366:79
	android:screenOrientation
		ADDED from src\main\AndroidManifest.xml:365:13-56
	android:configChanges
		ADDED from src\main\AndroidManifest.xml:363:13-74
	android:theme
		ADDED from src\main\AndroidManifest.xml:366:13-77
	android:logo
		ADDED from src\main\AndroidManifest.xml:364:13-50
	android:name
		ADDED from src\main\AndroidManifest.xml:362:13-41
activity#com.motoli.apps.allsubjects.ActivityTRCanvas
ADDED from src\main\AndroidManifest.xml:367:9-373:79
	android:screenOrientation
		ADDED from src\main\AndroidManifest.xml:372:13-56
	android:launchMode
		ADDED from src\main\AndroidManifest.xml:371:13-43
	android:configChanges
		ADDED from src\main\AndroidManifest.xml:369:13-74
	android:theme
		ADDED from src\main\AndroidManifest.xml:373:13-77
	android:logo
		ADDED from src\main\AndroidManifest.xml:370:13-50
	android:name
		ADDED from src\main\AndroidManifest.xml:368:13-45
uses-sdk
INJECTED from src\main\AndroidManifest.xml reason: use-sdk injection requested
MERGED from [com.android.support:appcompat-v7:25.3.1] AndroidManifest.xml:21:5-23:78
MERGED from [com.android.support:animated-vector-drawable:25.3.1] AndroidManifest.xml:20:5-44
MERGED from [com.android.support:support-vector-drawable:25.3.1] AndroidManifest.xml:20:5-43
MERGED from [com.android.support:gridlayout-v7:25.3.1] AndroidManifest.xml:20:5-43